<?xml version="1.0" encoding="UTF-8"?>
<testng-results skipped="0" failed="0" ignored="0" total="2" passed="2">
  <reporter-output>
  </reporter-output>
  <suite name="Default suite" duration-ms="11561" started-at="2021-05-12T18:50:48 EDT" finished-at="2021-05-12T18:51:00 EDT">
    <groups>
    </groups>
    <test name="Default test" duration-ms="11561" started-at="2021-05-12T18:50:48 EDT" finished-at="2021-05-12T18:51:00 EDT">
      <class name="waitsTestNG.FluentWaitTest">
        <test-method status="PASS" signature="setUp()[pri:0, instance:waitsTestNG.FluentWaitTest@32709393]" name="setUp" is-config="true" duration-ms="3023" started-at="2021-05-12T18:50:48 EDT" finished-at="2021-05-12T18:50:51 EDT">
          <reporter-output>
          </reporter-output>
        </test-method> <!-- setUp -->
        <test-method status="PASS" signature="radarTest()[pri:0, instance:waitsTestNG.FluentWaitTest@32709393]" name="radarTest" duration-ms="4195" started-at="2021-05-12T18:50:51 EDT" finished-at="2021-05-12T18:50:55 EDT">
          <reporter-output>
          </reporter-output>
        </test-method> <!-- radarTest -->
        <test-method status="PASS" signature="weekendTest()[pri:0, instance:waitsTestNG.FluentWaitTest@32709393]" name="weekendTest" duration-ms="4122" started-at="2021-05-12T18:50:55 EDT" finished-at="2021-05-12T18:50:59 EDT">
          <reporter-output>
          </reporter-output>
        </test-method> <!-- weekendTest -->
        <test-method status="PASS" signature="tearDown()[pri:0, instance:waitsTestNG.FluentWaitTest@32709393]" name="tearDown" is-config="true" duration-ms="197" started-at="2021-05-12T18:50:59 EDT" finished-at="2021-05-12T18:51:00 EDT">
          <reporter-output>
          </reporter-output>
        </test-method> <!-- tearDown -->
      </class> <!-- waitsTestNG.FluentWaitTest -->
    </test> <!-- Default test -->
  </suite> <!-- Default suite -->
</testng-results>
